13:14:42: Generating edge lists...
13:14:42: Generating edge lists... success
13:14:42: MeshSerializer writing mesh data to stream /home/herilala/ogre/ForestZ/media/zombie_1/ZombieGirl_Body.mesh...
13:14:42: File header written.
13:14:42: Writing mesh data...
13:14:42: Writing submesh...
13:14:42: Submesh exported.
13:14:42: Writing submesh...
13:14:42: Submesh exported.
13:14:42: Writing submesh...
13:14:42: Submesh exported.
13:14:42: Exporting skeleton link...
13:14:42: Skeleton link exported.
13:14:42: Exporting shared geometry bone assignments...
13:14:42: Shared geometry bone assignments exported.
13:14:42: Exporting bounds information....
13:14:42: Bounds information exported.
13:14:42: Exporting submesh name table...
13:14:42: Submesh name table exported.
13:14:42: Exporting edge lists...
13:14:42: Edge lists exported
13:14:42: Mesh data exported.
13:14:42: MeshSerializer export successful.
