15:58:33: Generating edge lists...
15:58:33: Generating edge lists... success
15:58:33: MeshSerializer writing mesh data to stream /home/herilala/ogre/ForestZ/media/MySoldier/Mesh.mesh...
15:58:33: File header written.
15:58:33: Writing mesh data...
15:58:33: Writing submesh...
15:58:33: Submesh exported.
15:58:33: Writing submesh...
15:58:33: Submesh exported.
15:58:33: Exporting skeleton link...
15:58:33: Skeleton link exported.
15:58:33: Exporting shared geometry bone assignments...
15:58:33: Shared geometry bone assignments exported.
15:58:33: Exporting bounds information....
15:58:33: Bounds information exported.
15:58:33: Exporting submesh name table...
15:58:33: Submesh name table exported.
15:58:33: Exporting edge lists...
15:58:33: Edge lists exported
15:58:33: Mesh data exported.
15:58:33: MeshSerializer export successful.
