21:49:54: Generating edge lists...
21:49:54: Generating edge lists... success
21:49:54: MeshSerializer writing mesh data to stream /home/herilala/ogre/ForestZ/media/animation/Mesh.mesh...
21:49:54: File header written.
21:49:54: Writing mesh data...
21:49:54: Writing submesh...
21:49:54: Submesh exported.
21:49:54: Writing submesh...
21:49:54: Submesh exported.
21:49:54: Exporting skeleton link...
21:49:54: Skeleton link exported.
21:49:54: Exporting shared geometry bone assignments...
21:49:54: Shared geometry bone assignments exported.
21:49:54: Exporting bounds information....
21:49:54: Bounds information exported.
21:49:54: Exporting submesh name table...
21:49:54: Submesh name table exported.
21:49:54: Exporting edge lists...
21:49:54: Edge lists exported
21:49:54: Mesh data exported.
21:49:54: MeshSerializer export successful.
