21:56:52: XMLMeshSerializer reading mesh data from /home/herilala/ogre/ForestZ/media/3d/DA01_TreeF4_M5_P2_Low.mesh.xml...
21:56:52: Reading geometry...
21:56:52: Geometry done...
21:56:52: Reading submeshes...
21:56:52: Submeshes done.
21:56:52: Reading mesh names...
21:56:52: Mesh names done.
21:56:52: XMLMeshSerializer import successful.
21:56:52: MeshSerializer writing mesh data to stream /home/herilala/ogre/ForestZ/media/3d/DA01_TreeF4_M5_P2_Low.mesh...
21:56:52: File header written.
21:56:52: Writing mesh data...
21:56:52: Writing submesh...
21:56:52: Submesh exported.
21:56:52: Writing submesh...
21:56:52: Submesh exported.
21:56:52: Exporting bounds information....
21:56:52: Bounds information exported.
21:56:52: Exporting submesh name table...
21:56:52: Submesh name table exported.
21:56:52: Mesh data exported.
21:56:52: MeshSerializer export successful.
