00:44:41: Generating edge lists...
00:44:41: Generating edge lists... success
00:44:41: MeshSerializer writing mesh data to stream /home/herilala/ogre/ForestZ/media/soldier/Mesh.001.mesh...
00:44:41: File header written.
00:44:41: Writing mesh data...
00:44:41: Writing submesh...
00:44:41: Submesh exported.
00:44:41: Writing submesh...
00:44:41: Submesh exported.
00:44:41: Exporting skeleton link...
00:44:41: Skeleton link exported.
00:44:41: Exporting shared geometry bone assignments...
00:44:41: Shared geometry bone assignments exported.
00:44:41: Exporting bounds information....
00:44:41: Bounds information exported.
00:44:41: Exporting submesh name table...
00:44:41: Submesh name table exported.
00:44:41: Exporting edge lists...
00:44:41: Edge lists exported
00:44:41: Mesh data exported.
00:44:41: MeshSerializer export successful.
